<?xml version="1.0" encoding="UTF-8"?>
<testng-results ignored="0" total="2" passed="1" failed="1" skipped="0">
  <reporter-output>
  </reporter-output>
  <suite started-at="2024-01-13T14:16:55 IST" name="Default suite" finished-at="2024-01-13T14:16:59 IST" duration-ms="4573">
    <groups>
    </groups>
    <test started-at="2024-01-13T14:16:55 IST" name="Default test" finished-at="2024-01-13T14:16:59 IST" duration-ms="4573">
      <class name="testNGpkg.Extentreports">
        <test-method is-config="true" signature="beftest()[pri:0, instance:testNGpkg.Extentreports@2d52216b]" started-at="2024-01-13T14:16:55 IST" name="beftest" finished-at="2024-01-13T14:16:56 IST" duration-ms="1879" status="PASS">
          <reporter-output>
          </reporter-output>
        </test-method> <!-- beftest -->
        <test-method is-config="true" signature="setup()[pri:0, instance:testNGpkg.Extentreports@2d52216b]" started-at="2024-01-13T14:16:57 IST" name="setup" finished-at="2024-01-13T14:16:57 IST" duration-ms="635" status="PASS">
          <reporter-output>
          </reporter-output>
        </test-method> <!-- setup -->
        <test-method signature="fblogotest()[pri:0, instance:testNGpkg.Extentreports@2d52216b]" started-at="2024-01-13T14:16:57 IST" name="fblogotest" finished-at="2024-01-13T14:16:58 IST" duration-ms="957" status="PASS">
          <reporter-output>
          </reporter-output>
        </test-method> <!-- fblogotest -->
        <test-method is-config="true" signature="browserclose(org.testng.ITestResult)[pri:0, instance:testNGpkg.Extentreports@2d52216b]" started-at="2024-01-13T14:16:58 IST" name="browserclose" finished-at="2024-01-13T14:16:58 IST" duration-ms="6" status="PASS">
          <params>
            <param index="0">
              <value>
                <![CDATA[[TestResult name=fblogotest status=SUCCESS method=Extentreports.fblogotest()[pri:0, instance:testNGpkg.Extentreports@2d52216b] output={null}]]]>
              </value>
            </param>
          </params>
          <reporter-output>
          </reporter-output>
        </test-method> <!-- browserclose -->
        <test-method is-config="true" signature="setup()[pri:0, instance:testNGpkg.Extentreports@2d52216b]" started-at="2024-01-13T14:16:58 IST" name="setup" finished-at="2024-01-13T14:16:59 IST" duration-ms="797" status="PASS">
          <reporter-output>
          </reporter-output>
        </test-method> <!-- setup -->
        <test-method signature="fbtitleverification()[pri:0, instance:testNGpkg.Extentreports@2d52216b]" started-at="2024-01-13T14:16:59 IST" name="fbtitleverification" finished-at="2024-01-13T14:16:59 IST" duration-ms="13" status="FAIL">
          <exception class="java.lang.AssertionError">
            <message>
              <![CDATA[expected [Facebook – log in or sign up] but found [facebook]]]>
            </message>
            <full-stacktrace>
              <![CDATA[java.lang.AssertionError: expected [Facebook – log in or sign up] but found [facebook]
at org.testng.Assert.fail(Assert.java:99)
at org.testng.Assert.failNotEquals(Assert.java:1037)
at org.testng.Assert.assertEqualsImpl(Assert.java:140)
at org.testng.Assert.assertEquals(Assert.java:122)
at org.testng.Assert.assertEquals(Assert.java:629)
at org.testng.Assert.assertEquals(Assert.java:639)
at testNGpkg.Extentreports.fbtitleverification(Extentreports.java:60)
at java.base/jdk.internal.reflect.NativeMethodAccessorImpl.invoke0(Native Method)
at java.base/jdk.internal.reflect.NativeMethodAccessorImpl.invoke(NativeMethodAccessorImpl.java:77)
at java.base/jdk.internal.reflect.DelegatingMethodAccessorImpl.invoke(DelegatingMethodAccessorImpl.java:43)
at java.base/java.lang.reflect.Method.invoke(Method.java:568)
at org.testng.internal.MethodInvocationHelper.invokeMethod(MethodInvocationHelper.java:133)
at org.testng.internal.TestInvoker.invokeMethod(TestInvoker.java:598)
at org.testng.internal.TestInvoker.invokeTestMethod(TestInvoker.java:173)
at org.testng.internal.MethodRunner.runInSequence(MethodRunner.java:46)
at org.testng.internal.TestInvoker$MethodInvocationAgent.invoke(TestInvoker.java:824)
at org.testng.internal.TestInvoker.invokeTestMethods(TestInvoker.java:146)
at org.testng.internal.TestMethodWorker.invokeTestMethods(TestMethodWorker.java:146)
at org.testng.internal.TestMethodWorker.run(TestMethodWorker.java:128)
at java.base/java.util.ArrayList.forEach(ArrayList.java:1511)
at org.testng.TestRunner.privateRun(TestRunner.java:794)
at org.testng.TestRunner.run(TestRunner.java:596)
at org.testng.SuiteRunner.runTest(SuiteRunner.java:377)
at org.testng.SuiteRunner.runSequentially(SuiteRunner.java:371)
at org.testng.SuiteRunner.privateRun(SuiteRunner.java:332)
at org.testng.SuiteRunner.run(SuiteRunner.java:276)
at org.testng.SuiteRunnerWorker.runSuite(SuiteRunnerWorker.java:53)
at org.testng.SuiteRunnerWorker.run(SuiteRunnerWorker.java:96)
at org.testng.TestNG.runSuitesSequentially(TestNG.java:1212)
at org.testng.TestNG.runSuitesLocally(TestNG.java:1134)
at org.testng.TestNG.runSuites(TestNG.java:1063)
at org.testng.TestNG.run(TestNG.java:1031)
at org.testng.remote.AbstractRemoteTestNG.run(AbstractRemoteTestNG.java:115)
at org.testng.remote.RemoteTestNG.initAndRun(RemoteTestNG.java:251)
at org.testng.remote.RemoteTestNG.main(RemoteTestNG.java:77)
]]>
            </full-stacktrace>
          </exception> <!-- java.lang.AssertionError -->
          <reporter-output>
          </reporter-output>
        </test-method> <!-- fbtitleverification -->
        <test-method is-config="true" signature="browserclose(org.testng.ITestResult)[pri:0, instance:testNGpkg.Extentreports@2d52216b]" started-at="2024-01-13T14:16:59 IST" name="browserclose" finished-at="2024-01-13T14:16:59 IST" duration-ms="1" status="PASS">
          <params>
            <param index="0">
              <value>
                <![CDATA[[TestResult name=fbtitleverification status=FAILURE method=Extentreports.fbtitleverification()[pri:0, instance:testNGpkg.Extentreports@2d52216b] output={null}]]]>
              </value>
            </param>
          </params>
          <reporter-output>
          </reporter-output>
        </test-method> <!-- browserclose -->
        <test-method is-config="true" signature="teardown()[pri:0, instance:testNGpkg.Extentreports@2d52216b]" started-at="2024-01-13T14:16:59 IST" name="teardown" finished-at="2024-01-13T14:16:59 IST" duration-ms="250" status="PASS">
          <reporter-output>
          </reporter-output>
        </test-method> <!-- teardown -->
      </class> <!-- testNGpkg.Extentreports -->
    </test> <!-- Default test -->
  </suite> <!-- Default suite -->
</testng-results>
